TN:
SF:/Volumes/data_1/rareskills/security_related/Echidna_Dex1/contracts/Dex.sol
DA:1,0
DA:9,65
DA:10,34
DA:11,34
DA:12,0
DA:14,0
DA:15,0
DA:16,0
DA:19,0
DA:20,0
DA:23,25
DA:24,88
DA:25,72
DA:26,10
DA:27,72
DA:29,70
DA:30,72
DA:33,41
DA:34,147
DA:37,23
DA:38,66
DA:39,66
DA:42,40
DA:43,68
DA:47,70
DA:49,0
DA:50,0
DA:51,0
DA:54,24
DA:55,20
DA:56,7
end_of_record

SF:/Volumes/data_1/rareskills/security_related/Echidna_Dex1/contracts/SetupContract_external.sol
DA:25,28
DA:27,0
DA:31,0
DA:32,0
DA:33,0
DA:35,0
DA:36,0
DA:38,0
DA:39,0
DA:41,0
DA:43,0
DA:44,0
DA:46,0
DA:47,0
DA:50,0
DA:51,0
DA:53,0
DA:60,29
DA:61,10
DA:63,324
DA:64,69
DA:67,91
DA:68,91
DA:70,83
DA:71,10
DA:73,74
DA:74,66
DA:77,91
DA:78,91
DA:80,23
DA:82,90
DA:83,90
DA:84,24
DA:85,24
DA:86,17
DA:88,23
end_of_record

SF:/Volumes/data_1/rareskills/security_related/Echidna_Dex1/node_modules/@openzeppelin/contracts/access/Ownable.sol
DA:38,0
DA:39,0
DA:40,0
DA:42,0
DA:49,0
DA:56,0
DA:57,0
DA:63,0
DA:64,0
DA:65,0
DA:76,0
DA:77,0
DA:84,0
DA:85,0
DA:86,0
DA:88,0
DA:95,0
DA:96,0
DA:97,0
DA:98,0
end_of_record

SF:/Volumes/data_1/rareskills/security_related/Echidna_Dex1/node_modules/@openzeppelin/contracts/interfaces/draft-IERC6093.sol
end_of_record

SF:/Volumes/data_1/rareskills/security_related/Echidna_Dex1/node_modules/@openzeppelin/contracts/token/ERC20/ERC20.sol
DA:50,0
DA:51,0
DA:52,0
DA:58,0
DA:59,0
DA:66,0
DA:67,0
DA:83,0
DA:84,0
DA:90,0
DA:91,0
DA:97,39
DA:98,21
DA:109,0
DA:110,0
DA:111,0
DA:112,0
DA:118,7
DA:119,38
DA:132,40
DA:133,7
DA:134,7
DA:135,4
DA:154,41
DA:155,7
DA:156,7
DA:157,7
DA:158,4
DA:171,5
DA:172,10
DA:173,0
DA:175,10
DA:176,0
DA:178,7
DA:188,5
DA:189,11
DA:191,0
DA:192,1
DA:193,22
DA:194,7
DA:195,0
DA:199,25
DA:203,11
DA:206,0
DA:211,31
DA:215,23
DA:226,0
DA:227,0
DA:228,0
DA:230,0
DA:263,5
DA:264,8
DA:284,6
DA:285,10
DA:286,0
DA:288,10
DA:289,0
DA:291,40
DA:292,5
DA:293,23
DA:305,6
DA:306,9
DA:307,6
DA:308,7
DA:309,0
DA:312,10
end_of_record

SF:/Volumes/data_1/rareskills/security_related/Echidna_Dex1/node_modules/@openzeppelin/contracts/token/ERC20/IERC20.sol
end_of_record

SF:/Volumes/data_1/rareskills/security_related/Echidna_Dex1/node_modules/@openzeppelin/contracts/token/ERC20/extensions/IERC20Metadata.sol
end_of_record

SF:/Volumes/data_1/rareskills/security_related/Echidna_Dex1/node_modules/@openzeppelin/contracts/utils/Context.sol
DA:17,4
DA:18,3
end_of_record

